<?xml version="1.0" encoding="UTF-8"?>
<!-- Generated by org.testng.reporters.JUnitReportReporter -->
<testsuite skipped="0" hostname="NZNCGUVCPXQM2UF" name="test.baidu.BaiduTest" tests="1" failures="0" timestamp="2020-02-04T20:45:21 CST" time="3.154" errors="0">
  <testcase name="queryTest" time="3.154" classname="test.baidu.BaiduTest"/>
</testsuite> <!-- test.baidu.BaiduTest -->
