<?xml version="1.0" encoding="UTF-8"?>
<!-- Generated by org.testng.reporters.JUnitReportReporter -->
<testsuite skipped="0" hostname="NZNCGUVCPXQM2UF" name="b.BaiduTest" tests="1" failures="0" timestamp="2020-02-04T14:39:31 CST" time="3.153" errors="0">
  <testcase name="queryTest" time="3.153" classname="b.BaiduTest"/>
</testsuite> <!-- b.BaiduTest -->
