<?xml version="1.0" encoding="UTF-8"?>
<!-- Generated by org.testng.reporters.JUnitReportReporter -->
<testsuite skipped="0" hostname="NZNCGUVCPXQM2UF" name="project.seleniumGrid.Grid" tests="1" failures="0" timestamp="2020-02-06T20:32:54 CST" time="3.586" errors="0">
  <testcase name="simpleTest" time="3.586" classname="project.seleniumGrid.Grid"/>
</testsuite> <!-- project.seleniumGrid.Grid -->
