<?xml version="1.0" encoding="UTF-8"?>
<!-- Generated by org.testng.reporters.JUnitReportReporter -->
<testsuite skipped="0" hostname="NZNCGUVCPXQM2UF" name="project.seleniumGrid.Grid2" tests="1" failures="0" timestamp="2020-02-06T12:32:38 CST" time="3.438" errors="0">
  <testcase name="simpleTest" time="3.438" classname="project.seleniumGrid.Grid2"/>
</testsuite> <!-- project.seleniumGrid.Grid2 -->
